18:28:09: Creating resource group General
18:28:09: Creating resource group Internal
18:28:09: Creating resource group Autodetect
18:28:09: SceneManagerFactory for type 'DefaultSceneManager' registered.
18:28:09: Registering ResourceManager for type Material
18:28:09: Registering ResourceManager for type Mesh
18:28:09: Registering ResourceManager for type Skeleton
18:28:09: MovableObjectFactory for type 'ParticleSystem' registered.
18:28:09: OverlayElementFactory for type Panel registered.
18:28:09: OverlayElementFactory for type BorderPanel registered.
18:28:09: OverlayElementFactory for type TextArea registered.
18:28:09: Registering ResourceManager for type Font
18:28:09: ArchiveFactory for archive type FileSystem registered.
18:28:09: ArchiveFactory for archive type Zip registered.
18:28:09: ArchiveFactory for archive type EmbeddedZip registered.
18:28:09: DDS codec registering
18:28:09: FreeImage version: 3.15.3
18:28:09: This program uses FreeImage, a free, open source image library supporting all common bitmap formats. See http://freeimage.sourceforge.net for details
18:28:09: Supported formats: bmp,ico,jpg,jif,jpeg,jpe,jng,koa,iff,lbm,mng,pbm,pbm,pcd,pcx,pgm,pgm,png,ppm,ppm,ras,tga,targa,tif,tiff,wap,wbmp,wbm,psd,cut,xbm,xpm,gif,hdr,g3,sgi,exr,j2k,j2c,jp2,pfm,pct,pict,pic,3fr,arw,bay,bmq,cap,cine,cr2,crw,cs1,dc2,dcr,drf,dsc,dng,erf,fff,ia,iiq,k25,kc2,kdc,mdc,mef,mos,mrw,nef,nrw,orf,pef,ptx,pxn,qtk,raf,raw,rdc,rw2,rwl,rwz,sr2,srf,srw,sti
18:28:09: Registering ResourceManager for type HighLevelGpuProgram
18:28:09: Registering ResourceManager for type Compositor
18:28:09: MovableObjectFactory for type 'Entity' registered.
18:28:09: MovableObjectFactory for type 'Light' registered.
18:28:09: MovableObjectFactory for type 'BillboardSet' registered.
18:28:09: MovableObjectFactory for type 'ManualObject' registered.
18:28:09: MovableObjectFactory for type 'BillboardChain' registered.
18:28:09: MovableObjectFactory for type 'RibbonTrail' registered.
18:28:09: Loading library RenderSystem_GL_d
18:28:09: Installing plugin: GL RenderSystem
18:28:09: OpenGL Rendering Subsystem created.
18:28:09: Plugin successfully installed
18:28:09: *-*-* OGRE Initialising
18:28:09: *-*-* Version 1.8.1 (Byatis)
18:28:09: CPU Identifier & Features
18:28:09: -------------------------
18:28:09:  *   CPU ID: GenuineIntel: Intel(R) Core(TM) i5-2450M CPU @ 2.50GHz
18:28:09:  *      SSE: yes
18:28:09:  *     SSE2: yes
18:28:09:  *     SSE3: yes
18:28:09:  *      MMX: yes
18:28:09:  *   MMXEXT: yes
18:28:09:  *    3DNOW: no
18:28:09:  * 3DNOWEXT: no
18:28:09:  *     CMOV: yes
18:28:09:  *      TSC: yes
18:28:09:  *      FPU: yes
18:28:09:  *      PRO: yes
18:28:09:  *       HT: no
18:28:09: -------------------------
18:28:09: *** Starting Win32GL Subsystem ***
18:28:09: Registering ResourceManager for type Texture
18:28:09: Creating resource group 
18:28:09: Added resource location 'media/' of type 'FileSystem' to resource group ''
18:28:09: Added resource location 'media/fonts/' of type 'FileSystem' to resource group ''
18:28:09: Added resource location 'media/materials/' of type 'FileSystem' to resource group ''
18:28:09: Added resource location 'media/scripts/' of type 'FileSystem' to resource group ''
18:28:09: Added resource location 'media/textures/' of type 'FileSystem' to resource group ''
18:28:09: Parsing scripts for resource group 
18:28:09: Parsing script test_001.material
18:28:09: Compiler error: number expected in test_001.material(14): specular expects at least 4 arguments
18:28:09: Compiler error: number expected in test_001.material(34): specular expects at least 4 arguments
18:28:09: Parsing script test_home.material
18:28:09: Parsing script proper-definitions.fontdef
18:28:09: Finished parsing scripts for resource group 
18:28:09: Creating resources for group 
18:28:09: All done
18:28:09: Parsing scripts for resource group Autodetect
18:28:09: Finished parsing scripts for resource group Autodetect
18:28:09: Creating resources for group Autodetect
18:28:09: All done
18:28:09: Parsing scripts for resource group General
18:28:09: Finished parsing scripts for resource group General
18:28:09: Creating resources for group General
18:28:09: All done
18:28:09: Parsing scripts for resource group Internal
18:28:09: Finished parsing scripts for resource group Internal
18:28:09: Creating resources for group Internal
18:28:09: All done
18:28:09: GLRenderSystem::_createRenderWindow " The OgreRenderWindow", 806x561 windowed  miscParams: externalWindowHandle=524534 
18:28:09: GL_VERSION = 3.1.0 - Build 9.17.10.4229
18:28:09: GL_VENDOR = Intel
18:28:09: GL_RENDERER = Intel(R) HD Graphics 3000
18:28:09: GL_EXTENSIONS = GL_EXT_blend_minmax GL_EXT_blend_subtract GL_EXT_blend_color GL_EXT_abgr GL_EXT_texture3D GL_EXT_clip_volume_hint GL_EXT_compiled_vertex_array GL_SGIS_texture_edge_clamp GL_SGIS_generate_mipmap GL_EXT_draw_range_elements GL_SGIS_texture_lod GL_EXT_rescale_normal GL_EXT_packed_pixels GL_EXT_texture_edge_clamp GL_EXT_separate_specular_color GL_ARB_multitexture GL_EXT_texture_env_combine GL_EXT_bgra GL_EXT_blend_func_separate GL_EXT_secondary_color GL_EXT_fog_coord GL_EXT_texture_env_add GL_ARB_texture_cube_map GL_ARB_transpose_matrix GL_ARB_texture_env_add GL_IBM_texture_mirrored_repeat GL_EXT_multi_draw_arrays GL_NV_blend_square GL_ARB_texture_compression GL_3DFX_texture_compression_FXT1 GL_EXT_texture_filter_anisotropic GL_ARB_texture_border_clamp GL_ARB_point_parameters GL_ARB_texture_env_combine GL_ARB_texture_env_dot3 GL_ARB_texture_env_crossbar GL_EXT_texture_compression_s3tc GL_ARB_shadow GL_ARB_window_pos GL_EXT_shadow_funcs GL_EXT_stencil_wrap GL_ARB_vertex_program GL_EXT_texture_rectangle GL_ARB_fragment_program GL_EXT_stencil_two_side GL_ATI_separate_stencil GL_ARB_vertex_buffer_object GL_EXT_texture_lod_bias GL_ARB_occlusion_query GL_ARB_fragment_shader GL_ARB_shader_objects GL_ARB_shading_language_100 GL_ARB_texture_non_power_of_two GL_ARB_vertex_shader GL_NV_texgen_reflection GL_ARB_point_sprite GL_ARB_fragment_program_shadow GL_EXT_blend_equation_separate GL_ARB_depth_texture GL_ARB_texture_rectangle GL_ARB_draw_buffers GL_ARB_color_buffer_float GL_ARB_half_float_pixel GL_ARB_texture_float GL_ARB_pixel_buffer_object GL_EXT_framebuffer_object GL_ARB_draw_instanced GL_ARB_half_float_vertex GL_ARB_occlusion_query2 GL_EXT_draw_buffers2 GL_WIN_swap_hint GL_EXT_texture_sRGB GL_ARB_multisample GL_EXT_packed_float GL_EXT_texture_shared_exponent GL_ARB_texture_rg GL_ARB_texture_compression_rgtc GL_NV_conditional_render GL_EXT_texture_swizzle GL_ARB_sync GL_ARB_framebuffer_sRGB GL_EXT_packed_depth_stencil GL_ARB_depth_buffer_float GL_EXT_transform_feedback GL_EXT_framebuffer_blit GL_EXT_framebuffer_multisample GL_ARB_framebuffer_object GL_EXT_texture_array GL_EXT_texture_integer GL_ARB_map_buffer_range GL_EXT_texture_snorm GL_INTEL_performance_queries GL_ARB_copy_buffer GL_ARB_sampler_objects GL_NV_primitive_restart GL_ARB_seamless_cube_map GL_ARB_uniform_buffer_object GL_ARB_depth_clamp GL_ARB_vertex_array_bgra GL_ARB_shader_bit_encoding GL_ARB_draw_buffers_blend GL_ARB_texture_query_lod GL_ARB_explicit_attrib_location GL_ARB_draw_elements_base_vertex GL_ARB_instanced_arrays GL_ARB_fragment_coord_conventions GL_EXT_gpu_program_parameters GL_ARB_texture_buffer_object_rgb32 GL_ARB_compatibility GL_ARB_texture_rgb10_a2ui GL_ARB_vertex_type_2_10_10_10_rev GL_ARB_timer_query GL_INTEL_map_texture GL_ARB_vertex_array_object GL_ARB_provoking_vertex 
18:28:09: Supported WGL extensions: WGL_EXT_depth_float WGL_ARB_buffer_region WGL_ARB_extensions_string WGL_ARB_make_current_read WGL_ARB_pixel_format WGL_ARB_pbuffer WGL_EXT_extensions_string WGL_EXT_swap_control WGL_EXT_swap_control_tear WGL_ARB_multisample WGL_ARB_pixel_format_float WGL_ARB_framebuffer_sRGB WGL_ARB_create_context WGL_EXT_pixel_format_packed_float 
18:28:09: ***************************
18:28:09: *** GL Renderer Started ***
18:28:09: ***************************
18:28:09: Registering ResourceManager for type GpuProgram
18:28:09: GLSL support detected
18:28:09: GL: Using GL_EXT_framebuffer_object for rendering to textures (best)
18:28:09: FBO PF_UNKNOWN depth/stencil support: D0S1 D0S4 D0S8 D0S16 D16S0 D24S0 D32S0 Packed-D24S8 
18:28:09: FBO PF_A8 depth/stencil support: D0S0 D0S1 D0S4 D0S8 D0S16 D16S0 D24S0 D32S0 Packed-D24S8 
18:28:09: FBO PF_R5G6B5 depth/stencil support: D0S0 D0S1 D0S4 D0S8 D0S16 D16S0 D24S0 D32S0 Packed-D24S8 
18:28:09: FBO PF_B5G6R5 depth/stencil support: D0S0 D0S1 D0S4 D0S8 D0S16 D16S0 D24S0 D32S0 Packed-D24S8 
18:28:09: FBO PF_R8G8B8 depth/stencil support: D0S0 D0S1 D0S4 D0S8 D0S16 D16S0 D24S0 D32S0 Packed-D24S8 
18:28:09: FBO PF_B8G8R8 depth/stencil support: D0S0 D0S1 D0S4 D0S8 D0S16 D16S0 D24S0 D32S0 Packed-D24S8 
18:28:09: FBO PF_A8R8G8B8 depth/stencil support: D0S0 D0S1 D0S4 D0S8 D0S16 D16S0 D24S0 D32S0 Packed-D24S8 
18:28:09: FBO PF_B8G8R8A8 depth/stencil support: D0S0 D0S1 D0S4 D0S8 D0S16 D16S0 D24S0 D32S0 Packed-D24S8 
18:28:09: FBO PF_A2R10G10B10 depth/stencil support: D0S0 D0S1 D0S4 D0S8 D0S16 D16S0 D24S0 D32S0 Packed-D24S8 
18:28:09: FBO PF_A2B10G10R10 depth/stencil support: D0S0 D0S1 D0S4 D0S8 D0S16 D16S0 D24S0 D32S0 Packed-D24S8 
18:28:09: FBO PF_FLOAT16_RGB depth/stencil support: D0S0 D0S1 D0S4 D0S8 D0S16 D16S0 D24S0 D32S0 Packed-D24S8 
18:28:09: FBO PF_FLOAT16_RGBA depth/stencil support: D0S0 D0S1 D0S4 D0S8 D0S16 D16S0 D24S0 D32S0 Packed-D24S8 
18:28:09: FBO PF_FLOAT32_RGB depth/stencil support: D0S0 D0S1 D0S4 D0S8 D0S16 D16S0 D24S0 D32S0 Packed-D24S8 
18:28:09: FBO PF_FLOAT32_RGBA depth/stencil support: D0S0 D0S1 D0S4 D0S8 D0S16 D16S0 D24S0 D32S0 Packed-D24S8 
18:28:09: FBO PF_X8R8G8B8 depth/stencil support: D0S0 D0S1 D0S4 D0S8 D0S16 D16S0 D24S0 D32S0 Packed-D24S8 
18:28:09: FBO PF_X8B8G8R8 depth/stencil support: D0S0 D0S1 D0S4 D0S8 D0S16 D16S0 D24S0 D32S0 Packed-D24S8 
18:28:09: FBO PF_SHORT_RGBA depth/stencil support: D0S0 D0S1 D0S4 D0S8 D0S16 D16S0 D24S0 D32S0 Packed-D24S8 
18:28:09: FBO PF_R3G3B2 depth/stencil support: D0S0 D0S1 D0S4 D0S8 D0S16 D16S0 D24S0 D32S0 Packed-D24S8 
18:28:09: FBO PF_SHORT_RGB depth/stencil support: D0S0 D0S1 D0S4 D0S8 D0S16 D16S0 D24S0 D32S0 Packed-D24S8 
18:28:09: [GL] : Valid FBO targets PF_UNKNOWN PF_A8 PF_R5G6B5 PF_B5G6R5 PF_R8G8B8 PF_B8G8R8 PF_A8R8G8B8 PF_B8G8R8A8 PF_A2R10G10B10 PF_A2B10G10R10 PF_FLOAT16_RGB PF_FLOAT16_RGBA PF_FLOAT32_RGB PF_FLOAT32_RGBA PF_X8R8G8B8 PF_X8B8G8R8 PF_SHORT_RGBA PF_R3G3B2 PF_SHORT_RGB 
18:28:09: RenderSystem capabilities
18:28:09: -------------------------
18:28:09: RenderSystem Name: OpenGL Rendering Subsystem
18:28:09: GPU Vendor: intel
18:28:09: Device Name: Intel(R) HD Graphics 3000
18:28:09: Driver Version: 3.1.0.0
18:28:09:  * Fixed function pipeline: yes
18:28:09:  * Hardware generation of mipmaps: no
18:28:09:  * Texture blending: yes
18:28:09:  * Anisotropic texture filtering: yes
18:28:09:  * Dot product texture operation: yes
18:28:09:  * Cube mapping: yes
18:28:09:  * Hardware stencil buffer: yes
18:28:09:    - Stencil depth: 8
18:28:09:    - Two sided stencil support: yes
18:28:09:    - Wrap stencil values: yes
18:28:09:  * Hardware vertex / index buffers: yes
18:28:09:  * Vertex programs: yes
18:28:09:  * Number of floating-point constants for vertex programs: 256
18:28:09:  * Number of integer constants for vertex programs: 0
18:28:09:  * Number of boolean constants for vertex programs: 0
18:28:09:  * Fragment programs: yes
18:28:09:  * Number of floating-point constants for fragment programs: 256
18:28:09:  * Number of integer constants for fragment programs: 0
18:28:09:  * Number of boolean constants for fragment programs: 0
18:28:09:  * Geometry programs: no
18:28:09:  * Number of floating-point constants for geometry programs: 0
18:28:09:  * Number of integer constants for geometry programs: 513
18:28:09:  * Number of boolean constants for geometry programs: 0
18:28:09:  * Supported Shader Profiles: arbfp1 arbvp1 glsl
18:28:09:  * Texture Compression: yes
18:28:09:    - DXT: yes
18:28:09:    - VTC: no
18:28:09:    - PVRTC: no
18:28:09:  * Scissor Rectangle: yes
18:28:09:  * Hardware Occlusion Query: yes
18:28:09:  * User clip planes: yes
18:28:09:  * VET_UBYTE4 vertex element type: yes
18:28:09:  * Infinite far plane projection: yes
18:28:09:  * Hardware render-to-texture: yes
18:28:09:  * Floating point textures: yes
18:28:09:  * Non-power-of-two textures: yes
18:28:09:  * Volume textures: yes
18:28:09:  * Multiple Render Targets: 8
18:28:09:    - With different bit depths: yes
18:28:09:  * Point Sprites: yes
18:28:09:  * Extended point parameters: yes
18:28:09:  * Max Point Size: 255
18:28:09:  * Vertex texture fetch: yes
18:28:09:  * Number of world matrices: 0
18:28:09:  * Number of texture units: 16
18:28:09:  * Stencil buffer depth: 8
18:28:09:  * Number of vertex blend matrices: 0
18:28:09:    - Max vertex textures: 16
18:28:09:    - Vertex textures shared: yes
18:28:09:  * Render to Vertex Buffer : no
18:28:09:  * GL 1.5 without VBO workaround: no
18:28:09:  * Frame Buffer objects: yes
18:28:09:  * Frame Buffer objects (ARB extension): no
18:28:09:  * Frame Buffer objects (ATI extension): no
18:28:09:  * PBuffer support: yes
18:28:09:  * GL 1.5 without HW-occlusion workaround: no
18:28:09:  * Separate shader objects: no
18:28:09: DefaultWorkQueue('Root') initialising on thread 0148AB58.
18:28:09: DefaultWorkQueue('Root')::WorkerFunc - thread 07C9E8C0 starting.
18:28:09: DefaultWorkQueue('Root')::WorkerFunc - thread 07C9F010 starting.
18:28:09: DefaultWorkQueue('Root')::WorkerFunc - thread 07C9EFE0 starting.
18:28:09: DefaultWorkQueue('Root')::WorkerFunc - thread 07C9F040 starting.
18:28:09: Particle Renderer Type 'billboard' registered
18:28:09: Mesh: Loading test_home_001.mesh.
18:28:09: Texture: toit.jpg: Loading 1 faces(PF_R8G8B8,230x225x1) with 7 generated mipmaps from Image. Internal format is PF_X8R8G8B8,230x225x1.
18:28:09: Texture: 01.jpg: Loading 1 faces(PF_R8G8B8,225x225x1) with 7 generated mipmaps from Image. Internal format is PF_X8R8G8B8,225x225x1.
18:28:09: Texture: brik.jpg: Loading 1 faces(PF_R8G8B8,254x225x1) with 7 generated mipmaps from Image. Internal format is PF_X8R8G8B8,254x225x1.
18:28:09: Texture: images3.jpg: Loading 1 faces(PF_R8G8B8,225x225x1) with 7 generated mipmaps from Image. Internal format is PF_X8R8G8B8,225x225x1.
18:28:16: Mesh: Loading test_sketch_001.mesh.
18:28:23: Mesh: Loading test_hplane_001.mesh.
