17:45:51: Creating resource group General
17:45:51: Creating resource group Internal
17:45:51: Creating resource group Autodetect
17:45:51: SceneManagerFactory for type 'DefaultSceneManager' registered.
17:45:51: Registering ResourceManager for type Material
17:45:51: Registering ResourceManager for type Mesh
17:45:51: Registering ResourceManager for type Skeleton
17:45:51: MovableObjectFactory for type 'ParticleSystem' registered.
17:45:51: OverlayElementFactory for type Panel registered.
17:45:51: OverlayElementFactory for type BorderPanel registered.
17:45:51: OverlayElementFactory for type TextArea registered.
17:45:51: Registering ResourceManager for type Font
17:45:51: ArchiveFactory for archive type FileSystem registered.
17:45:51: ArchiveFactory for archive type Zip registered.
17:45:51: ArchiveFactory for archive type EmbeddedZip registered.
17:45:51: DDS codec registering
17:45:51: FreeImage version: 3.10.0
17:45:51: This program uses FreeImage, a free, open source image library supporting all common bitmap formats. See http://freeimage.sourceforge.net for details
17:45:51: Supported formats: bmp,ico,jpg,jif,jpeg,jpe,jng,koa,iff,lbm,mng,pbm,pbm,pcd,pcx,pgm,pgm,png,ppm,ppm,ras,tga,targa,tif,tiff,wap,wbmp,wbm,psd,cut,xbm,xpm,gif,hdr,sgi,exr,j2k,j2c,jp2
17:45:51: Registering ResourceManager for type HighLevelGpuProgram
17:45:51: Registering ResourceManager for type Compositor
17:45:51: MovableObjectFactory for type 'Entity' registered.
17:45:51: MovableObjectFactory for type 'Light' registered.
17:45:51: MovableObjectFactory for type 'BillboardSet' registered.
17:45:51: MovableObjectFactory for type 'ManualObject' registered.
17:45:51: MovableObjectFactory for type 'BillboardChain' registered.
17:45:51: MovableObjectFactory for type 'RibbonTrail' registered.
17:45:51: OGRE EXCEPTION(6:FileNotFoundException): 'plugins.cfg' file not found! in ConfigFile::load at /builddir/build/BUILD/ogre-1.8.1/OgreMain/src/OgreConfigFile.cpp (line 88)
17:45:51: plugins.cfg not found, automatic plugin loading disabled.
17:45:51: *-*-* OGRE Initialising
17:45:51: *-*-* Version 1.8.1 (Byatis)
17:45:51: OGRE EXCEPTION(1:InvalidStateException): Cannot initialise - no render system has been selected. in Root::initialise at /builddir/build/BUILD/ogre-1.8.1/OgreMain/src/OgreRoot.cpp (line 639)
